0 info it worked if it ends with ok
1 verbose cli [ '/usr/bin/node', '/usr/bin/npm', 'install', 'jwt', '--save' ]
2 info using npm@3.5.2
3 info using node@v8.10.0
4 silly loadCurrentTree Starting
5 silly install loadCurrentTree
6 silly install readLocalPackageData
7 silly fetchPackageMetaData jwt
8 silly fetchNamedPackageData jwt
9 silly mapToRegistry name jwt
10 silly mapToRegistry using default registry
11 silly mapToRegistry registry https://registry.npmjs.org/
12 silly mapToRegistry uri https://registry.npmjs.org/jwt
13 verbose get https://registry.npmjs.org/jwt not expired, no request
14 silly install normalizeTree
15 silly loadCurrentTree Finishing
16 silly loadIdealTree Starting
17 silly install loadIdealTree
18 silly cloneCurrentTree Starting
19 silly install cloneCurrentTreeToIdealTree
20 silly cloneCurrentTree Finishing
21 silly loadShrinkwrap Starting
22 silly install loadShrinkwrap
23 silly loadShrinkwrap Finishing
24 silly loadAllDepsIntoIdealTree Starting
25 silly install loadAllDepsIntoIdealTree
26 silly resolveWithNewModule jwt@0.2.0 checking installable status
27 silly cache add args [ 'jwt', null ]
28 verbose cache add spec jwt
29 silly cache add parsed spec Result {
29 silly cache add   raw: 'jwt',
29 silly cache add   scope: null,
29 silly cache add   name: 'jwt',
29 silly cache add   rawSpec: '',
29 silly cache add   spec: 'latest',
29 silly cache add   type: 'tag' }
30 silly addNamed jwt@latest
31 verbose addNamed "latest" is being treated as a dist-tag for jwt
32 info addNameTag [ 'jwt', 'latest' ]
33 silly mapToRegistry name jwt
34 silly mapToRegistry using default registry
35 silly mapToRegistry registry https://registry.npmjs.org/
36 silly mapToRegistry uri https://registry.npmjs.org/jwt
37 verbose addNameTag registry:https://registry.npmjs.org/jwt not in flight; fetching
38 verbose get https://registry.npmjs.org/jwt not expired, no request
39 silly addNameTag next cb for jwt with tag latest
40 silly addNamed jwt@0.2.0
41 verbose addNamed "0.2.0" is a plain semver version for jwt
42 silly mapToRegistry name jwt
43 silly mapToRegistry using default registry
44 silly mapToRegistry registry https://registry.npmjs.org/
45 silly mapToRegistry uri https://registry.npmjs.org/jwt
46 verbose addRemoteTarball https://registry.npmjs.org/jwt/-/jwt-0.2.0.tgz not in flight; adding
47 verbose addRemoteTarball [ 'https://registry.npmjs.org/jwt/-/jwt-0.2.0.tgz',
47 verbose addRemoteTarball   '4c9ad46bc84bfeaf91556ecce7c57aa578cbc8b8' ]
48 info retry fetch attempt 1 at 14:01:53
49 info attempt registry request try #1 at 14:01:53
50 http fetch GET https://registry.npmjs.org/jwt/-/jwt-0.2.0.tgz
51 verbose request id 8e05fac2bc2c78e2
52 http fetch 200 https://registry.npmjs.org/jwt/-/jwt-0.2.0.tgz
53 silly fetchAndShaCheck shasum 4c9ad46bc84bfeaf91556ecce7c57aa578cbc8b8
54 verbose addTmpTarball /tmp/npm-5432-2c631a5c/registry.npmjs.org/jwt/-/jwt-0.2.0.tgz not in flight; adding
55 verbose addTmpTarball already have metadata; skipping unpack for jwt@0.2.0
56 silly cache afterAdd jwt@0.2.0
57 verbose afterAdd /home/anirudh/.npm/jwt/0.2.0/package/package.json not in flight; writing
58 verbose afterAdd /home/anirudh/.npm/jwt/0.2.0/package/package.json written
59 silly fetchNamedPackageData node-base64
60 silly mapToRegistry name node-base64
61 silly mapToRegistry using default registry
62 silly mapToRegistry registry https://registry.npmjs.org/
63 silly mapToRegistry uri https://registry.npmjs.org/node-base64
64 verbose request uri https://registry.npmjs.org/node-base64
65 verbose request no auth needed
66 info attempt registry request try #1 at 14:01:55
67 http request GET https://registry.npmjs.org/node-base64
68 http 200 https://registry.npmjs.org/node-base64
69 verbose headers { date: 'Tue, 23 Jun 2020 08:31:56 GMT',
69 verbose headers   'content-type': 'application/json; charset=UTF-8',
69 verbose headers   'transfer-encoding': 'chunked',
69 verbose headers   connection: 'keep-alive',
69 verbose headers   'set-cookie':
69 verbose headers    [ '__cfduid=d02c5e4fcad5893a227fcfa679aa71d441592901115; expires=Thu, 23-Jul-20 08:31:55 GMT; path=/; domain=.npmjs.org; HttpOnly; SameSite=Lax' ],
69 verbose headers   'cf-ray': '5a7cdb027e1ede86-BLR',
69 verbose headers   'cache-control': 'public, max-age=300',
69 verbose headers   etag: 'W/"1af9fff642dd94d29b4022da439ab10c"',
69 verbose headers   'last-modified': 'Sun, 27 May 2018 09:54:54 GMT',
69 verbose headers   vary: 'accept-encoding, accept',
69 verbose headers   'cf-cache-status': 'MISS',
69 verbose headers   'cf-request-id': '0381e7358b0000de863c22f200000001',
69 verbose headers   'expect-ct': 'max-age=604800, report-uri="https://report-uri.cloudflare.com/cdn-cgi/beacon/expect-ct"',
69 verbose headers   server: 'cloudflare',
69 verbose headers   'content-encoding': 'gzip' }
70 silly get cb [ 200,
70 silly get   { date: 'Tue, 23 Jun 2020 08:31:56 GMT',
70 silly get     'content-type': 'application/json; charset=UTF-8',
70 silly get     'transfer-encoding': 'chunked',
70 silly get     connection: 'keep-alive',
70 silly get     'set-cookie':
70 silly get      [ '__cfduid=d02c5e4fcad5893a227fcfa679aa71d441592901115; expires=Thu, 23-Jul-20 08:31:55 GMT; path=/; domain=.npmjs.org; HttpOnly; SameSite=Lax' ],
70 silly get     'cf-ray': '5a7cdb027e1ede86-BLR',
70 silly get     'cache-control': 'public, max-age=300',
70 silly get     etag: 'W/"1af9fff642dd94d29b4022da439ab10c"',
70 silly get     'last-modified': 'Sun, 27 May 2018 09:54:54 GMT',
70 silly get     vary: 'accept-encoding, accept',
70 silly get     'cf-cache-status': 'MISS',
70 silly get     'cf-request-id': '0381e7358b0000de863c22f200000001',
70 silly get     'expect-ct': 'max-age=604800, report-uri="https://report-uri.cloudflare.com/cdn-cgi/beacon/expect-ct"',
70 silly get     server: 'cloudflare',
70 silly get     'content-encoding': 'gzip' } ]
71 verbose get saving node-base64 to /home/anirudh/.npm/registry.npmjs.org/node-base64/.cache.json
72 silly resolveWithNewModule node-base64@0.0.1 checking installable status
73 silly cache add args [ 'node-base64@0.0.1', null ]
74 verbose cache add spec node-base64@0.0.1
75 silly cache add parsed spec Result {
75 silly cache add   raw: 'node-base64@0.0.1',
75 silly cache add   scope: null,
75 silly cache add   name: 'node-base64',
75 silly cache add   rawSpec: '0.0.1',
75 silly cache add   spec: '0.0.1',
75 silly cache add   type: 'version' }
76 silly addNamed node-base64@0.0.1
77 verbose addNamed "0.0.1" is a plain semver version for node-base64
78 silly mapToRegistry name node-base64
79 silly mapToRegistry using default registry
80 silly mapToRegistry registry https://registry.npmjs.org/
81 silly mapToRegistry uri https://registry.npmjs.org/node-base64
82 verbose addNameVersion registry:https://registry.npmjs.org/node-base64 not in flight; fetching
83 verbose get https://registry.npmjs.org/node-base64 not expired, no request
84 silly mapToRegistry name node-base64
85 silly mapToRegistry using default registry
86 silly mapToRegistry registry https://registry.npmjs.org/
87 silly mapToRegistry uri https://registry.npmjs.org/node-base64
88 verbose addRemoteTarball https://registry.npmjs.org/node-base64/-/node-base64-0.0.1.tgz not in flight; adding
89 verbose addRemoteTarball [ 'https://registry.npmjs.org/node-base64/-/node-base64-0.0.1.tgz',
89 verbose addRemoteTarball   'ee3e095f97e9f4d72fb3dea98bcb2d25c8716b03' ]
90 info retry fetch attempt 1 at 14:01:56
91 info attempt registry request try #1 at 14:01:56
92 http fetch GET https://registry.npmjs.org/node-base64/-/node-base64-0.0.1.tgz
93 http fetch 200 https://registry.npmjs.org/node-base64/-/node-base64-0.0.1.tgz
94 silly fetchAndShaCheck shasum ee3e095f97e9f4d72fb3dea98bcb2d25c8716b03
95 verbose addTmpTarball /tmp/npm-5432-2c631a5c/registry.npmjs.org/node-base64/-/node-base64-0.0.1.tgz not in flight; adding
96 verbose addTmpTarball already have metadata; skipping unpack for node-base64@0.0.1
97 silly cache afterAdd node-base64@0.0.1
98 verbose afterAdd /home/anirudh/.npm/node-base64/0.0.1/package/package.json not in flight; writing
99 verbose afterAdd /home/anirudh/.npm/node-base64/0.0.1/package/package.json written
100 silly fetchNamedPackageData fsevents
101 silly mapToRegistry name fsevents
102 silly mapToRegistry using default registry
103 silly mapToRegistry registry https://registry.npmjs.org/
104 silly mapToRegistry uri https://registry.npmjs.org/fsevents
105 verbose request uri https://registry.npmjs.org/fsevents
106 verbose request no auth needed
107 info attempt registry request try #1 at 14:01:56
108 verbose etag W/"9ff14987b4ec19e977697a4c1d741a18"
109 verbose lastModified Wed, 06 May 2020 17:49:14 GMT
110 http request GET https://registry.npmjs.org/fsevents
111 http 304 https://registry.npmjs.org/fsevents
112 verbose headers { date: 'Tue, 23 Jun 2020 08:31:57 GMT',
112 verbose headers   connection: 'keep-alive',
112 verbose headers   'set-cookie':
112 verbose headers    [ '__cfduid=d79e16ff3185780d8ef8f30132929c0771592901117; expires=Thu, 23-Jul-20 08:31:57 GMT; path=/; domain=.npmjs.org; HttpOnly; SameSite=Lax' ],
112 verbose headers   'cf-ray': '5a7cdb0e4a7cde86-BLR',
112 verbose headers   age: '1302',
112 verbose headers   'cache-control': 'public, max-age=300',
112 verbose headers   etag: '"9ff14987b4ec19e977697a4c1d741a18"',
112 verbose headers   'last-modified': 'Wed, 06 May 2020 17:49:14 GMT',
112 verbose headers   vary: 'Accept-Encoding',
112 verbose headers   'cf-cache-status': 'HIT',
112 verbose headers   'cf-request-id': '0381e73cea0000de863c316200000001',
112 verbose headers   'expect-ct': 'max-age=604800, report-uri="https://report-uri.cloudflare.com/cdn-cgi/beacon/expect-ct"',
112 verbose headers   server: 'cloudflare' }
113 silly get cb [ 304,
113 silly get   { date: 'Tue, 23 Jun 2020 08:31:57 GMT',
113 silly get     connection: 'keep-alive',
113 silly get     'set-cookie':
113 silly get      [ '__cfduid=d79e16ff3185780d8ef8f30132929c0771592901117; expires=Thu, 23-Jul-20 08:31:57 GMT; path=/; domain=.npmjs.org; HttpOnly; SameSite=Lax' ],
113 silly get     'cf-ray': '5a7cdb0e4a7cde86-BLR',
113 silly get     age: '1302',
113 silly get     'cache-control': 'public, max-age=300',
113 silly get     etag: '"9ff14987b4ec19e977697a4c1d741a18"',
113 silly get     'last-modified': 'Wed, 06 May 2020 17:49:14 GMT',
113 silly get     vary: 'Accept-Encoding',
113 silly get     'cf-cache-status': 'HIT',
113 silly get     'cf-request-id': '0381e73cea0000de863c316200000001',
113 silly get     'expect-ct': 'max-age=604800, report-uri="https://report-uri.cloudflare.com/cdn-cgi/beacon/expect-ct"',
113 silly get     server: 'cloudflare' } ]
114 verbose etag https://registry.npmjs.org/fsevents from cache
115 verbose get saving fsevents to /home/anirudh/.npm/registry.npmjs.org/fsevents/.cache.json
116 silly resolveWithNewModule fsevents@1.2.13 checking installable status
117 silly loadAllDepsIntoIdealTree Finishing
118 silly idealTree:prePrune node_passport_login@2.0.0
118 silly idealTree:prePrune ├── abbrev@1.1.1
118 silly idealTree:prePrune ├── accepts@1.3.7
118 silly idealTree:prePrune ├── ansi-align@2.0.0
118 silly idealTree:prePrune ├── ansi-regex@3.0.0
118 silly idealTree:prePrune ├── ansi-styles@3.2.1
118 silly idealTree:prePrune ├─┬ anymatch@2.0.0
118 silly idealTree:prePrune │ └── normalize-path@2.1.1
118 silly idealTree:prePrune ├── arr-diff@4.0.0
118 silly idealTree:prePrune ├── arr-flatten@1.1.0
118 silly idealTree:prePrune ├── arr-union@3.1.0
118 silly idealTree:prePrune ├── array-flatten@1.1.1
118 silly idealTree:prePrune ├── array-unique@0.3.2
118 silly idealTree:prePrune ├── assign-symbols@1.0.0
118 silly idealTree:prePrune ├── async-each@1.0.3
118 silly idealTree:prePrune ├── async@3.2.0
118 silly idealTree:prePrune ├── atob@2.1.2
118 silly idealTree:prePrune ├── balanced-match@1.0.0
118 silly idealTree:prePrune ├─┬ base@0.11.2
118 silly idealTree:prePrune │ ├── define-property@1.0.0
118 silly idealTree:prePrune │ ├── is-accessor-descriptor@1.0.0
118 silly idealTree:prePrune │ ├── is-data-descriptor@1.0.0
118 silly idealTree:prePrune │ └── is-descriptor@1.0.2
118 silly idealTree:prePrune ├── bcryptjs@2.4.3
118 silly idealTree:prePrune ├── binary-extensions@1.13.1
118 silly idealTree:prePrune ├── bl@2.2.0
118 silly idealTree:prePrune ├── bluebird@3.5.1
118 silly idealTree:prePrune ├── body-parser@1.19.0
118 silly idealTree:prePrune ├── boxen@1.3.0
118 silly idealTree:prePrune ├── brace-expansion@1.1.11
118 silly idealTree:prePrune ├─┬ braces@2.3.2
118 silly idealTree:prePrune │ └── extend-shallow@2.0.1
118 silly idealTree:prePrune ├── bson@1.1.4
118 silly idealTree:prePrune ├── bytes@3.1.0
118 silly idealTree:prePrune ├── cache-base@1.0.1
118 silly idealTree:prePrune ├── camelcase@4.1.0
118 silly idealTree:prePrune ├── capture-stack-trace@1.0.1
118 silly idealTree:prePrune ├── chalk@2.4.2
118 silly idealTree:prePrune ├── chokidar@2.1.8
118 silly idealTree:prePrune ├── ci-info@1.6.0
118 silly idealTree:prePrune ├─┬ class-utils@0.3.6
118 silly idealTree:prePrune │ └── define-property@0.2.5
118 silly idealTree:prePrune ├── cli-boxes@1.0.0
118 silly idealTree:prePrune ├── collection-visit@1.0.0
118 silly idealTree:prePrune ├── color-convert@1.9.3
118 silly idealTree:prePrune ├── color-name@1.1.3
118 silly idealTree:prePrune ├── component-emitter@1.3.0
118 silly idealTree:prePrune ├── concat-map@0.0.1
118 silly idealTree:prePrune ├── configstore@3.1.2
118 silly idealTree:prePrune ├── connect-flash@0.1.1
118 silly idealTree:prePrune ├── content-disposition@0.5.3
118 silly idealTree:prePrune ├── content-type@1.0.4
118 silly idealTree:prePrune ├── cookie-signature@1.0.6
118 silly idealTree:prePrune ├── cookie@0.4.0
118 silly idealTree:prePrune ├── copy-descriptor@0.1.1
118 silly idealTree:prePrune ├── core-util-is@1.0.2
118 silly idealTree:prePrune ├── create-error-class@3.0.2
118 silly idealTree:prePrune ├── cross-spawn@5.1.0
118 silly idealTree:prePrune ├── crypto-random-string@1.0.0
118 silly idealTree:prePrune ├── debug@2.6.9
118 silly idealTree:prePrune ├── decode-uri-component@0.2.0
118 silly idealTree:prePrune ├── deep-extend@0.6.0
118 silly idealTree:prePrune ├─┬ define-property@2.0.2
118 silly idealTree:prePrune │ ├── is-accessor-descriptor@1.0.0
118 silly idealTree:prePrune │ ├── is-data-descriptor@1.0.0
118 silly idealTree:prePrune │ └── is-descriptor@1.0.2
118 silly idealTree:prePrune ├── denque@1.4.1
118 silly idealTree:prePrune ├── depd@1.1.2
118 silly idealTree:prePrune ├── destroy@1.0.4
118 silly idealTree:prePrune ├── dot-prop@4.2.0
118 silly idealTree:prePrune ├── dotenv@8.2.0
118 silly idealTree:prePrune ├── duplexer3@0.1.4
118 silly idealTree:prePrune ├── ee-first@1.1.1
118 silly idealTree:prePrune ├── ejs@2.7.4
118 silly idealTree:prePrune ├── encodeurl@1.0.2
118 silly idealTree:prePrune ├── escape-html@1.0.3
118 silly idealTree:prePrune ├── escape-string-regexp@1.0.5
118 silly idealTree:prePrune ├── etag@1.8.1
118 silly idealTree:prePrune ├── execa@0.7.0
118 silly idealTree:prePrune ├─┬ expand-brackets@2.1.4
118 silly idealTree:prePrune │ ├── define-property@0.2.5
118 silly idealTree:prePrune │ └── extend-shallow@2.0.1
118 silly idealTree:prePrune ├── express-ejs-layouts@2.5.0
118 silly idealTree:prePrune ├── express-flash@0.0.2
118 silly idealTree:prePrune ├─┬ express-session@1.17.1
118 silly idealTree:prePrune │ ├── depd@2.0.0
118 silly idealTree:prePrune │ └── safe-buffer@5.2.0
118 silly idealTree:prePrune ├── express@4.17.1
118 silly idealTree:prePrune ├─┬ extend-shallow@3.0.2
118 silly idealTree:prePrune │ └── is-extendable@1.0.1
118 silly idealTree:prePrune ├─┬ extglob@2.0.4
118 silly idealTree:prePrune │ ├── define-property@1.0.0
118 silly idealTree:prePrune │ ├── extend-shallow@2.0.1
118 silly idealTree:prePrune │ ├── is-accessor-descriptor@1.0.0
118 silly idealTree:prePrune │ ├── is-data-descriptor@1.0.0
118 silly idealTree:prePrune │ └── is-descriptor@1.0.2
118 silly idealTree:prePrune ├─┬ fill-range@4.0.0
118 silly idealTree:prePrune │ └── extend-shallow@2.0.1
118 silly idealTree:prePrune ├── finalhandler@1.1.2
118 silly idealTree:prePrune ├── for-in@1.0.2
118 silly idealTree:prePrune ├── forwarded@0.1.2
118 silly idealTree:prePrune ├── fragment-cache@0.2.1
118 silly idealTree:prePrune ├── fresh@0.5.2
118 silly idealTree:prePrune ├── get-stream@3.0.0
118 silly idealTree:prePrune ├── get-value@2.0.6
118 silly idealTree:prePrune ├─┬ glob-parent@3.1.0
118 silly idealTree:prePrune │ └── is-glob@3.1.0
118 silly idealTree:prePrune ├── global-dirs@0.1.1
118 silly idealTree:prePrune ├── got@6.7.1
118 silly idealTree:prePrune ├── graceful-fs@4.2.4
118 silly idealTree:prePrune ├── has-flag@3.0.0
118 silly idealTree:prePrune ├── has-value@1.0.0
118 silly idealTree:prePrune ├─┬ has-values@1.0.0
118 silly idealTree:prePrune │ └── kind-of@4.0.0
118 silly idealTree:prePrune ├── http-errors@1.7.2
118 silly idealTree:prePrune ├── iconv-lite@0.4.24
118 silly idealTree:prePrune ├── ignore-by-default@1.0.1
118 silly idealTree:prePrune ├── import-lazy@2.1.0
118 silly idealTree:prePrune ├── imurmurhash@0.1.4
118 silly idealTree:prePrune ├── inherits@2.0.3
118 silly idealTree:prePrune ├── ini@1.3.5
118 silly idealTree:prePrune ├── ipaddr.js@1.9.1
118 silly idealTree:prePrune ├─┬ is-accessor-descriptor@0.1.6
118 silly idealTree:prePrune │ └── kind-of@3.2.2
118 silly idealTree:prePrune ├── is-binary-path@1.0.1
118 silly idealTree:prePrune ├── is-buffer@1.1.6
118 silly idealTree:prePrune ├── is-ci@1.2.1
118 silly idealTree:prePrune ├─┬ is-data-descriptor@0.1.4
118 silly idealTree:prePrune │ └── kind-of@3.2.2
118 silly idealTree:prePrune ├─┬ is-descriptor@0.1.6
118 silly idealTree:prePrune │ └── kind-of@5.1.0
118 silly idealTree:prePrune ├── is-extendable@0.1.1
118 silly idealTree:prePrune ├── is-extglob@2.1.1
118 silly idealTree:prePrune ├── is-fullwidth-code-point@2.0.0
118 silly idealTree:prePrune ├── is-glob@4.0.1
118 silly idealTree:prePrune ├── is-installed-globally@0.1.0
118 silly idealTree:prePrune ├── is-npm@1.0.0
118 silly idealTree:prePrune ├─┬ is-number@3.0.0
118 silly idealTree:prePrune │ └── kind-of@3.2.2
118 silly idealTree:prePrune ├── is-obj@1.0.1
118 silly idealTree:prePrune ├── is-path-inside@1.0.1
118 silly idealTree:prePrune ├── is-plain-object@2.0.4
118 silly idealTree:prePrune ├── is-redirect@1.0.0
118 silly idealTree:prePrune ├── is-retry-allowed@1.2.0
118 silly idealTree:prePrune ├── is-stream@1.1.0
118 silly idealTree:prePrune ├── is-windows@1.0.2
118 silly idealTree:prePrune ├── isarray@1.0.0
118 silly idealTree:prePrune ├── isexe@2.0.0
118 silly idealTree:prePrune ├── isobject@3.0.1
118 silly idealTree:prePrune ├── jwt@0.2.0
118 silly idealTree:prePrune ├── kareem@2.3.1
118 silly idealTree:prePrune ├── kind-of@6.0.3
118 silly idealTree:prePrune ├── latest-version@3.1.0
118 silly idealTree:prePrune ├── lowercase-keys@1.0.1
118 silly idealTree:prePrune ├── lru-cache@4.1.5
118 silly idealTree:prePrune ├── make-dir@1.3.0
118 silly idealTree:prePrune ├── map-cache@0.2.2
118 silly idealTree:prePrune ├── map-visit@1.0.0
118 silly idealTree:prePrune ├── media-typer@0.3.0
118 silly idealTree:prePrune ├── memory-pager@1.5.0
118 silly idealTree:prePrune ├── merge-descriptors@1.0.1
118 silly idealTree:prePrune ├── methods@1.1.2
118 silly idealTree:prePrune ├── micromatch@3.1.10
118 silly idealTree:prePrune ├── mime-db@1.44.0
118 silly idealTree:prePrune ├── mime-types@2.1.27
118 silly idealTree:prePrune ├── mime@1.6.0
118 silly idealTree:prePrune ├── minimatch@3.0.4
118 silly idealTree:prePrune ├── minimist@1.2.5
118 silly idealTree:prePrune ├─┬ mixin-deep@1.3.2
118 silly idealTree:prePrune │ └── is-extendable@1.0.1
118 silly idealTree:prePrune ├── mongodb@3.5.8
118 silly idealTree:prePrune ├── mongoose-legacy-pluralize@1.0.2
118 silly idealTree:prePrune ├─┬ mongoose@5.9.18
118 silly idealTree:prePrune │ └── ms@2.1.2
118 silly idealTree:prePrune ├── mpath@0.7.0
118 silly idealTree:prePrune ├─┬ mquery@3.2.2
118 silly idealTree:prePrune │ └── debug@3.1.0
118 silly idealTree:prePrune ├── ms@2.0.0
118 silly idealTree:prePrune ├── nanomatch@1.2.13
118 silly idealTree:prePrune ├── negotiator@0.6.2
118 silly idealTree:prePrune ├── node-base64@0.0.1
118 silly idealTree:prePrune ├── nodemailer@6.4.8
118 silly idealTree:prePrune ├─┬ nodemon@1.19.4
118 silly idealTree:prePrune │ ├── debug@3.2.6
118 silly idealTree:prePrune │ └── ms@2.1.2
118 silly idealTree:prePrune ├── nopt@1.0.10
118 silly idealTree:prePrune ├── normalize-path@3.0.0
118 silly idealTree:prePrune ├── npm-run-path@2.0.2
118 silly idealTree:prePrune ├─┬ object-copy@0.1.0
118 silly idealTree:prePrune │ ├── define-property@0.2.5
118 silly idealTree:prePrune │ └── kind-of@3.2.2
118 silly idealTree:prePrune ├── object-visit@1.0.1
118 silly idealTree:prePrune ├── object.pick@1.3.0
118 silly idealTree:prePrune ├── on-finished@2.3.0
118 silly idealTree:prePrune ├── on-headers@1.0.2
118 silly idealTree:prePrune ├── p-finally@1.0.0
118 silly idealTree:prePrune ├── package-json@4.0.1
118 silly idealTree:prePrune ├── parseurl@1.3.3
118 silly idealTree:prePrune ├── pascalcase@0.1.1
118 silly idealTree:prePrune ├── passport-local@1.0.0
118 silly idealTree:prePrune ├── passport-strategy@1.0.0
118 silly idealTree:prePrune ├── passport@0.4.1
118 silly idealTree:prePrune ├── path-dirname@1.0.2
118 silly idealTree:prePrune ├── path-is-absolute@1.0.1
118 silly idealTree:prePrune ├── path-is-inside@1.0.2
118 silly idealTree:prePrune ├── path-key@2.0.1
118 silly idealTree:prePrune ├── path-to-regexp@0.1.7
118 silly idealTree:prePrune ├── pause@0.0.1
118 silly idealTree:prePrune ├── pify@3.0.0
118 silly idealTree:prePrune ├── posix-character-classes@0.1.1
118 silly idealTree:prePrune ├── prepend-http@1.0.4
118 silly idealTree:prePrune ├── process-nextick-args@2.0.1
118 silly idealTree:prePrune ├── proxy-addr@2.0.6
118 silly idealTree:prePrune ├── pseudomap@1.0.2
118 silly idealTree:prePrune ├── pstree.remy@1.1.8
118 silly idealTree:prePrune ├── qs@6.7.0
118 silly idealTree:prePrune ├── random-bytes@1.0.0
118 silly idealTree:prePrune ├── range-parser@1.2.1
118 silly idealTree:prePrune ├── raw-body@2.4.0
118 silly idealTree:prePrune ├── rc@1.2.8
118 silly idealTree:prePrune ├── readable-stream@2.3.7
118 silly idealTree:prePrune ├── readdirp@2.2.1
118 silly idealTree:prePrune ├── regex-not@1.0.2
118 silly idealTree:prePrune ├── regexp-clone@1.0.0
118 silly idealTree:prePrune ├── registry-auth-token@3.4.0
118 silly idealTree:prePrune ├── registry-url@3.1.0
118 silly idealTree:prePrune ├── remove-trailing-separator@1.1.0
118 silly idealTree:prePrune ├── repeat-element@1.1.3
118 silly idealTree:prePrune ├── repeat-string@1.6.1
118 silly idealTree:prePrune ├── require_optional@1.0.1
118 silly idealTree:prePrune ├── resolve-from@2.0.0
118 silly idealTree:prePrune ├── resolve-url@0.2.1
118 silly idealTree:prePrune ├── ret@0.1.15
118 silly idealTree:prePrune ├── safe-buffer@5.1.2
118 silly idealTree:prePrune ├── safe-regex@1.1.0
118 silly idealTree:prePrune ├── safer-buffer@2.1.2
118 silly idealTree:prePrune ├── saslprep@1.0.3
118 silly idealTree:prePrune ├── semver-diff@2.1.0
118 silly idealTree:prePrune ├── semver@5.7.1
118 silly idealTree:prePrune ├─┬ send@0.17.1
118 silly idealTree:prePrune │ └── ms@2.1.1
118 silly idealTree:prePrune ├── serve-static@1.14.1
118 silly idealTree:prePrune ├─┬ set-value@2.0.1
118 silly idealTree:prePrune │ └── extend-shallow@2.0.1
118 silly idealTree:prePrune ├── setprototypeof@1.1.1
118 silly idealTree:prePrune ├── shebang-command@1.2.0
118 silly idealTree:prePrune ├── shebang-regex@1.0.0
118 silly idealTree:prePrune ├── sift@7.0.1
118 silly idealTree:prePrune ├── signal-exit@3.0.3
118 silly idealTree:prePrune ├── sliced@1.0.1
118 silly idealTree:prePrune ├─┬ snapdragon-node@2.1.1
118 silly idealTree:prePrune │ ├── define-property@1.0.0
118 silly idealTree:prePrune │ ├── is-accessor-descriptor@1.0.0
118 silly idealTree:prePrune │ ├── is-data-descriptor@1.0.0
118 silly idealTree:prePrune │ └── is-descriptor@1.0.2
118 silly idealTree:prePrune ├─┬ snapdragon-util@3.0.1
118 silly idealTree:prePrune │ └── kind-of@3.2.2
118 silly idealTree:prePrune ├─┬ snapdragon@0.8.2
118 silly idealTree:prePrune │ ├── define-property@0.2.5
118 silly idealTree:prePrune │ └── extend-shallow@2.0.1
118 silly idealTree:prePrune ├── source-map-resolve@0.5.3
118 silly idealTree:prePrune ├── source-map-url@0.4.0
118 silly idealTree:prePrune ├── source-map@0.5.7
118 silly idealTree:prePrune ├── sparse-bitfield@3.0.3
118 silly idealTree:prePrune ├── split-string@3.1.0
118 silly idealTree:prePrune ├─┬ static-extend@0.1.2
118 silly idealTree:prePrune │ └── define-property@0.2.5
118 silly idealTree:prePrune ├── statuses@1.5.0
118 silly idealTree:prePrune ├── string_decoder@1.1.1
118 silly idealTree:prePrune ├── string-width@2.1.1
118 silly idealTree:prePrune ├── strip-ansi@4.0.0
118 silly idealTree:prePrune ├── strip-eof@1.0.0
118 silly idealTree:prePrune ├── strip-json-comments@2.0.1
118 silly idealTree:prePrune ├── supports-color@5.5.0
118 silly idealTree:prePrune ├── term-size@1.2.0
118 silly idealTree:prePrune ├── timed-out@4.0.1
118 silly idealTree:prePrune ├─┬ to-object-path@0.3.0
118 silly idealTree:prePrune │ └── kind-of@3.2.2
118 silly idealTree:prePrune ├── to-regex-range@2.1.1
118 silly idealTree:prePrune ├── to-regex@3.0.2
118 silly idealTree:prePrune ├── toidentifier@1.0.0
118 silly idealTree:prePrune ├── touch@3.1.0
118 silly idealTree:prePrune ├── type-is@1.6.18
118 silly idealTree:prePrune ├── uid-safe@2.1.5
118 silly idealTree:prePrune ├── undefsafe@2.0.3
118 silly idealTree:prePrune ├── union-value@1.0.1
118 silly idealTree:prePrune ├── unique-string@1.0.0
118 silly idealTree:prePrune ├── unpipe@1.0.0
118 silly idealTree:prePrune ├─┬ unset-value@1.0.0
118 silly idealTree:prePrune │ ├─┬ has-value@0.3.1
118 silly idealTree:prePrune │ │ └── isobject@2.1.0
118 silly idealTree:prePrune │ └── has-values@0.1.4
118 silly idealTree:prePrune ├── unzip-response@2.0.1
118 silly idealTree:prePrune ├── upath@1.2.0
118 silly idealTree:prePrune ├── update-notifier@2.5.0
118 silly idealTree:prePrune ├── urix@0.1.0
118 silly idealTree:prePrune ├── url-parse-lax@1.0.0
118 silly idealTree:prePrune ├── use@3.1.1
118 silly idealTree:prePrune ├── util-deprecate@1.0.2
118 silly idealTree:prePrune ├── utils-merge@1.0.1
118 silly idealTree:prePrune ├── vary@1.1.2
118 silly idealTree:prePrune ├── which@1.3.1
118 silly idealTree:prePrune ├── widest-line@2.0.1
118 silly idealTree:prePrune ├── write-file-atomic@2.4.3
118 silly idealTree:prePrune ├── xdg-basedir@3.0.0
118 silly idealTree:prePrune └── yallist@2.1.2
119 silly loadIdealTree Finishing
120 silly currentTree node_passport_login@2.0.0
120 silly currentTree ├── abbrev@1.1.1
120 silly currentTree ├── accepts@1.3.7
120 silly currentTree ├── ansi-align@2.0.0
120 silly currentTree ├── ansi-regex@3.0.0
120 silly currentTree ├── ansi-styles@3.2.1
120 silly currentTree ├─┬ anymatch@2.0.0
120 silly currentTree │ └── normalize-path@2.1.1
120 silly currentTree ├── arr-diff@4.0.0
120 silly currentTree ├── arr-flatten@1.1.0
120 silly currentTree ├── arr-union@3.1.0
120 silly currentTree ├── array-flatten@1.1.1
120 silly currentTree ├── array-unique@0.3.2
120 silly currentTree ├── assign-symbols@1.0.0
120 silly currentTree ├── async-each@1.0.3
120 silly currentTree ├── async@3.2.0
120 silly currentTree ├── atob@2.1.2
120 silly currentTree ├── balanced-match@1.0.0
120 silly currentTree ├─┬ base@0.11.2
120 silly currentTree │ ├── define-property@1.0.0
120 silly currentTree │ ├── is-accessor-descriptor@1.0.0
120 silly currentTree │ ├── is-data-descriptor@1.0.0
120 silly currentTree │ └── is-descriptor@1.0.2
120 silly currentTree ├── bcryptjs@2.4.3
120 silly currentTree ├── binary-extensions@1.13.1
120 silly currentTree ├── bl@2.2.0
120 silly currentTree ├── bluebird@3.5.1
120 silly currentTree ├── body-parser@1.19.0
120 silly currentTree ├── boxen@1.3.0
120 silly currentTree ├── brace-expansion@1.1.11
120 silly currentTree ├─┬ braces@2.3.2
120 silly currentTree │ └── extend-shallow@2.0.1
120 silly currentTree ├── bson@1.1.4
120 silly currentTree ├── bytes@3.1.0
120 silly currentTree ├── cache-base@1.0.1
120 silly currentTree ├── camelcase@4.1.0
120 silly currentTree ├── capture-stack-trace@1.0.1
120 silly currentTree ├── chalk@2.4.2
120 silly currentTree ├── chokidar@2.1.8
120 silly currentTree ├── ci-info@1.6.0
120 silly currentTree ├─┬ class-utils@0.3.6
120 silly currentTree │ └── define-property@0.2.5
120 silly currentTree ├── cli-boxes@1.0.0
120 silly currentTree ├── collection-visit@1.0.0
120 silly currentTree ├── color-convert@1.9.3
120 silly currentTree ├── color-name@1.1.3
120 silly currentTree ├── component-emitter@1.3.0
120 silly currentTree ├── concat-map@0.0.1
120 silly currentTree ├── configstore@3.1.2
120 silly currentTree ├── connect-flash@0.1.1
120 silly currentTree ├── content-disposition@0.5.3
120 silly currentTree ├── content-type@1.0.4
120 silly currentTree ├── cookie-signature@1.0.6
120 silly currentTree ├── cookie@0.4.0
120 silly currentTree ├── copy-descriptor@0.1.1
120 silly currentTree ├── core-util-is@1.0.2
120 silly currentTree ├── create-error-class@3.0.2
120 silly currentTree ├── cross-spawn@5.1.0
120 silly currentTree ├── crypto-random-string@1.0.0
120 silly currentTree ├── debug@2.6.9
120 silly currentTree ├── decode-uri-component@0.2.0
120 silly currentTree ├── deep-extend@0.6.0
120 silly currentTree ├─┬ define-property@2.0.2
120 silly currentTree │ ├── is-accessor-descriptor@1.0.0
120 silly currentTree │ ├── is-data-descriptor@1.0.0
120 silly currentTree │ └── is-descriptor@1.0.2
120 silly currentTree ├── denque@1.4.1
120 silly currentTree ├── depd@1.1.2
120 silly currentTree ├── destroy@1.0.4
120 silly currentTree ├── dot-prop@4.2.0
120 silly currentTree ├── dotenv@8.2.0
120 silly currentTree ├── duplexer3@0.1.4
120 silly currentTree ├── ee-first@1.1.1
120 silly currentTree ├── ejs@2.7.4
120 silly currentTree ├── encodeurl@1.0.2
120 silly currentTree ├── escape-html@1.0.3
120 silly currentTree ├── escape-string-regexp@1.0.5
120 silly currentTree ├── etag@1.8.1
120 silly currentTree ├── execa@0.7.0
120 silly currentTree ├─┬ expand-brackets@2.1.4
120 silly currentTree │ ├── define-property@0.2.5
120 silly currentTree │ └── extend-shallow@2.0.1
120 silly currentTree ├── express-ejs-layouts@2.5.0
120 silly currentTree ├── express-flash@0.0.2
120 silly currentTree ├─┬ express-session@1.17.1
120 silly currentTree │ ├── depd@2.0.0
120 silly currentTree │ └── safe-buffer@5.2.0
120 silly currentTree ├── express@4.17.1
120 silly currentTree ├─┬ extend-shallow@3.0.2
120 silly currentTree │ └── is-extendable@1.0.1
120 silly currentTree ├─┬ extglob@2.0.4
120 silly currentTree │ ├── define-property@1.0.0
120 silly currentTree │ ├── extend-shallow@2.0.1
120 silly currentTree │ ├── is-accessor-descriptor@1.0.0
120 silly currentTree │ ├── is-data-descriptor@1.0.0
120 silly currentTree │ └── is-descriptor@1.0.2
120 silly currentTree ├─┬ fill-range@4.0.0
120 silly currentTree │ └── extend-shallow@2.0.1
120 silly currentTree ├── finalhandler@1.1.2
120 silly currentTree ├── for-in@1.0.2
120 silly currentTree ├── forwarded@0.1.2
120 silly currentTree ├── fragment-cache@0.2.1
120 silly currentTree ├── fresh@0.5.2
120 silly currentTree ├── get-stream@3.0.0
120 silly currentTree ├── get-value@2.0.6
120 silly currentTree ├─┬ glob-parent@3.1.0
120 silly currentTree │ └── is-glob@3.1.0
120 silly currentTree ├── global-dirs@0.1.1
120 silly currentTree ├── got@6.7.1
120 silly currentTree ├── graceful-fs@4.2.4
120 silly currentTree ├── has-flag@3.0.0
120 silly currentTree ├── has-value@1.0.0
120 silly currentTree ├─┬ has-values@1.0.0
120 silly currentTree │ └── kind-of@4.0.0
120 silly currentTree ├── http-errors@1.7.2
120 silly currentTree ├── iconv-lite@0.4.24
120 silly currentTree ├── ignore-by-default@1.0.1
120 silly currentTree ├── import-lazy@2.1.0
120 silly currentTree ├── imurmurhash@0.1.4
120 silly currentTree ├── inherits@2.0.3
120 silly currentTree ├── ini@1.3.5
120 silly currentTree ├── ipaddr.js@1.9.1
120 silly currentTree ├─┬ is-accessor-descriptor@0.1.6
120 silly currentTree │ └── kind-of@3.2.2
120 silly currentTree ├── is-binary-path@1.0.1
120 silly currentTree ├── is-buffer@1.1.6
120 silly currentTree ├── is-ci@1.2.1
120 silly currentTree ├─┬ is-data-descriptor@0.1.4
120 silly currentTree │ └── kind-of@3.2.2
120 silly currentTree ├─┬ is-descriptor@0.1.6
120 silly currentTree │ └── kind-of@5.1.0
120 silly currentTree ├── is-extendable@0.1.1
120 silly currentTree ├── is-extglob@2.1.1
120 silly currentTree ├── is-fullwidth-code-point@2.0.0
120 silly currentTree ├── is-glob@4.0.1
120 silly currentTree ├── is-installed-globally@0.1.0
120 silly currentTree ├── is-npm@1.0.0
120 silly currentTree ├─┬ is-number@3.0.0
120 silly currentTree │ └── kind-of@3.2.2
120 silly currentTree ├── is-obj@1.0.1
120 silly currentTree ├── is-path-inside@1.0.1
120 silly currentTree ├── is-plain-object@2.0.4
120 silly currentTree ├── is-redirect@1.0.0
120 silly currentTree ├── is-retry-allowed@1.2.0
120 silly currentTree ├── is-stream@1.1.0
120 silly currentTree ├── is-windows@1.0.2
120 silly currentTree ├── isarray@1.0.0
120 silly currentTree ├── isexe@2.0.0
120 silly currentTree ├── isobject@3.0.1
120 silly currentTree ├── kareem@2.3.1
120 silly currentTree ├── kind-of@6.0.3
120 silly currentTree ├── latest-version@3.1.0
120 silly currentTree ├── lowercase-keys@1.0.1
120 silly currentTree ├── lru-cache@4.1.5
120 silly currentTree ├── make-dir@1.3.0
120 silly currentTree ├── map-cache@0.2.2
120 silly currentTree ├── map-visit@1.0.0
120 silly currentTree ├── media-typer@0.3.0
120 silly currentTree ├── memory-pager@1.5.0
120 silly currentTree ├── merge-descriptors@1.0.1
120 silly currentTree ├── methods@1.1.2
120 silly currentTree ├── micromatch@3.1.10
120 silly currentTree ├── mime-db@1.44.0
120 silly currentTree ├── mime-types@2.1.27
120 silly currentTree ├── mime@1.6.0
120 silly currentTree ├── minimatch@3.0.4
120 silly currentTree ├── minimist@1.2.5
120 silly currentTree ├─┬ mixin-deep@1.3.2
120 silly currentTree │ └── is-extendable@1.0.1
120 silly currentTree ├── mongodb@3.5.8
120 silly currentTree ├── mongoose-legacy-pluralize@1.0.2
120 silly currentTree ├─┬ mongoose@5.9.18
120 silly currentTree │ └── ms@2.1.2
120 silly currentTree ├── mpath@0.7.0
120 silly currentTree ├─┬ mquery@3.2.2
120 silly currentTree │ └── debug@3.1.0
120 silly currentTree ├── ms@2.0.0
120 silly currentTree ├── nanomatch@1.2.13
120 silly currentTree ├── negotiator@0.6.2
120 silly currentTree ├── nodemailer@6.4.8
120 silly currentTree ├─┬ nodemon@1.19.4
120 silly currentTree │ ├── debug@3.2.6
120 silly currentTree │ └── ms@2.1.2
120 silly currentTree ├── nopt@1.0.10
120 silly currentTree ├── normalize-path@3.0.0
120 silly currentTree ├── npm-run-path@2.0.2
120 silly currentTree ├─┬ object-copy@0.1.0
120 silly currentTree │ ├── define-property@0.2.5
120 silly currentTree │ └── kind-of@3.2.2
120 silly currentTree ├── object-visit@1.0.1
120 silly currentTree ├── object.pick@1.3.0
120 silly currentTree ├── on-finished@2.3.0
120 silly currentTree ├── on-headers@1.0.2
120 silly currentTree ├── p-finally@1.0.0
120 silly currentTree ├── package-json@4.0.1
120 silly currentTree ├── parseurl@1.3.3
120 silly currentTree ├── pascalcase@0.1.1
120 silly currentTree ├── passport-local@1.0.0
120 silly currentTree ├── passport-strategy@1.0.0
120 silly currentTree ├── passport@0.4.1
120 silly currentTree ├── path-dirname@1.0.2
120 silly currentTree ├── path-is-absolute@1.0.1
120 silly currentTree ├── path-is-inside@1.0.2
120 silly currentTree ├── path-key@2.0.1
120 silly currentTree ├── path-to-regexp@0.1.7
120 silly currentTree ├── pause@0.0.1
120 silly currentTree ├── pify@3.0.0
120 silly currentTree ├── posix-character-classes@0.1.1
120 silly currentTree ├── prepend-http@1.0.4
120 silly currentTree ├── process-nextick-args@2.0.1
120 silly currentTree ├── proxy-addr@2.0.6
120 silly currentTree ├── pseudomap@1.0.2
120 silly currentTree ├── pstree.remy@1.1.8
120 silly currentTree ├── qs@6.7.0
120 silly currentTree ├── random-bytes@1.0.0
120 silly currentTree ├── range-parser@1.2.1
120 silly currentTree ├── raw-body@2.4.0
120 silly currentTree ├── rc@1.2.8
120 silly currentTree ├── readable-stream@2.3.7
120 silly currentTree ├── readdirp@2.2.1
120 silly currentTree ├── regex-not@1.0.2
120 silly currentTree ├── regexp-clone@1.0.0
120 silly currentTree ├── registry-auth-token@3.4.0
120 silly currentTree ├── registry-url@3.1.0
120 silly currentTree ├── remove-trailing-separator@1.1.0
120 silly currentTree ├── repeat-element@1.1.3
120 silly currentTree ├── repeat-string@1.6.1
120 silly currentTree ├── require_optional@1.0.1
120 silly currentTree ├── resolve-from@2.0.0
120 silly currentTree ├── resolve-url@0.2.1
120 silly currentTree ├── ret@0.1.15
120 silly currentTree ├── safe-buffer@5.1.2
120 silly currentTree ├── safe-regex@1.1.0
120 silly currentTree ├── safer-buffer@2.1.2
120 silly currentTree ├── saslprep@1.0.3
120 silly currentTree ├── semver-diff@2.1.0
120 silly currentTree ├── semver@5.7.1
120 silly currentTree ├─┬ send@0.17.1
120 silly currentTree │ └── ms@2.1.1
120 silly currentTree ├── serve-static@1.14.1
120 silly currentTree ├─┬ set-value@2.0.1
120 silly currentTree │ └── extend-shallow@2.0.1
120 silly currentTree ├── setprototypeof@1.1.1
120 silly currentTree ├── shebang-command@1.2.0
120 silly currentTree ├── shebang-regex@1.0.0
120 silly currentTree ├── sift@7.0.1
120 silly currentTree ├── signal-exit@3.0.3
120 silly currentTree ├── sliced@1.0.1
120 silly currentTree ├─┬ snapdragon-node@2.1.1
120 silly currentTree │ ├── define-property@1.0.0
120 silly currentTree │ ├── is-accessor-descriptor@1.0.0
120 silly currentTree │ ├── is-data-descriptor@1.0.0
120 silly currentTree │ └── is-descriptor@1.0.2
120 silly currentTree ├─┬ snapdragon-util@3.0.1
120 silly currentTree │ └── kind-of@3.2.2
120 silly currentTree ├─┬ snapdragon@0.8.2
120 silly currentTree │ ├── define-property@0.2.5
120 silly currentTree │ └── extend-shallow@2.0.1
120 silly currentTree ├── source-map-resolve@0.5.3
120 silly currentTree ├── source-map-url@0.4.0
120 silly currentTree ├── source-map@0.5.7
120 silly currentTree ├── sparse-bitfield@3.0.3
120 silly currentTree ├── split-string@3.1.0
120 silly currentTree ├─┬ static-extend@0.1.2
120 silly currentTree │ └── define-property@0.2.5
120 silly currentTree ├── statuses@1.5.0
120 silly currentTree ├── string_decoder@1.1.1
120 silly currentTree ├── string-width@2.1.1
120 silly currentTree ├── strip-ansi@4.0.0
120 silly currentTree ├── strip-eof@1.0.0
120 silly currentTree ├── strip-json-comments@2.0.1
120 silly currentTree ├── supports-color@5.5.0
120 silly currentTree ├── term-size@1.2.0
120 silly currentTree ├── timed-out@4.0.1
120 silly currentTree ├─┬ to-object-path@0.3.0
120 silly currentTree │ └── kind-of@3.2.2
120 silly currentTree ├── to-regex-range@2.1.1
120 silly currentTree ├── to-regex@3.0.2
120 silly currentTree ├── toidentifier@1.0.0
120 silly currentTree ├── touch@3.1.0
120 silly currentTree ├── type-is@1.6.18
120 silly currentTree ├── uid-safe@2.1.5
120 silly currentTree ├── undefsafe@2.0.3
120 silly currentTree ├── union-value@1.0.1
120 silly currentTree ├── unique-string@1.0.0
120 silly currentTree ├── unpipe@1.0.0
120 silly currentTree ├─┬ unset-value@1.0.0
120 silly currentTree │ ├─┬ has-value@0.3.1
120 silly currentTree │ │ └── isobject@2.1.0
120 silly currentTree │ └── has-values@0.1.4
120 silly currentTree ├── unzip-response@2.0.1
120 silly currentTree ├── upath@1.2.0
120 silly currentTree ├── update-notifier@2.5.0
120 silly currentTree ├── urix@0.1.0
120 silly currentTree ├── url-parse-lax@1.0.0
120 silly currentTree ├── use@3.1.1
120 silly currentTree ├── util-deprecate@1.0.2
120 silly currentTree ├── utils-merge@1.0.1
120 silly currentTree ├── vary@1.1.2
120 silly currentTree ├── which@1.3.1
120 silly currentTree ├── widest-line@2.0.1
120 silly currentTree ├── write-file-atomic@2.4.3
120 silly currentTree ├── xdg-basedir@3.0.0
120 silly currentTree └── yallist@2.1.2
121 silly idealTree node_passport_login@2.0.0
121 silly idealTree ├── abbrev@1.1.1
121 silly idealTree ├── accepts@1.3.7
121 silly idealTree ├── ansi-align@2.0.0
121 silly idealTree ├── ansi-regex@3.0.0
121 silly idealTree ├── ansi-styles@3.2.1
121 silly idealTree ├─┬ anymatch@2.0.0
121 silly idealTree │ └── normalize-path@2.1.1
121 silly idealTree ├── arr-diff@4.0.0
121 silly idealTree ├── arr-flatten@1.1.0
121 silly idealTree ├── arr-union@3.1.0
121 silly idealTree ├── array-flatten@1.1.1
121 silly idealTree ├── array-unique@0.3.2
121 silly idealTree ├── assign-symbols@1.0.0
121 silly idealTree ├── async-each@1.0.3
121 silly idealTree ├── async@3.2.0
121 silly idealTree ├── atob@2.1.2
121 silly idealTree ├── balanced-match@1.0.0
121 silly idealTree ├─┬ base@0.11.2
121 silly idealTree │ ├── define-property@1.0.0
121 silly idealTree │ ├── is-accessor-descriptor@1.0.0
121 silly idealTree │ ├── is-data-descriptor@1.0.0
121 silly idealTree │ └── is-descriptor@1.0.2
121 silly idealTree ├── bcryptjs@2.4.3
121 silly idealTree ├── binary-extensions@1.13.1
121 silly idealTree ├── bl@2.2.0
121 silly idealTree ├── bluebird@3.5.1
121 silly idealTree ├── body-parser@1.19.0
121 silly idealTree ├── boxen@1.3.0
121 silly idealTree ├── brace-expansion@1.1.11
121 silly idealTree ├─┬ braces@2.3.2
121 silly idealTree │ └── extend-shallow@2.0.1
121 silly idealTree ├── bson@1.1.4
121 silly idealTree ├── bytes@3.1.0
121 silly idealTree ├── cache-base@1.0.1
121 silly idealTree ├── camelcase@4.1.0
121 silly idealTree ├── capture-stack-trace@1.0.1
121 silly idealTree ├── chalk@2.4.2
121 silly idealTree ├── chokidar@2.1.8
121 silly idealTree ├── ci-info@1.6.0
121 silly idealTree ├─┬ class-utils@0.3.6
121 silly idealTree │ └── define-property@0.2.5
121 silly idealTree ├── cli-boxes@1.0.0
121 silly idealTree ├── collection-visit@1.0.0
121 silly idealTree ├── color-convert@1.9.3
121 silly idealTree ├── color-name@1.1.3
121 silly idealTree ├── component-emitter@1.3.0
121 silly idealTree ├── concat-map@0.0.1
121 silly idealTree ├── configstore@3.1.2
121 silly idealTree ├── connect-flash@0.1.1
121 silly idealTree ├── content-disposition@0.5.3
121 silly idealTree ├── content-type@1.0.4
121 silly idealTree ├── cookie-signature@1.0.6
121 silly idealTree ├── cookie@0.4.0
121 silly idealTree ├── copy-descriptor@0.1.1
121 silly idealTree ├── core-util-is@1.0.2
121 silly idealTree ├── create-error-class@3.0.2
121 silly idealTree ├── cross-spawn@5.1.0
121 silly idealTree ├── crypto-random-string@1.0.0
121 silly idealTree ├── debug@2.6.9
121 silly idealTree ├── decode-uri-component@0.2.0
121 silly idealTree ├── deep-extend@0.6.0
121 silly idealTree ├─┬ define-property@2.0.2
121 silly idealTree │ ├── is-accessor-descriptor@1.0.0
121 silly idealTree │ ├── is-data-descriptor@1.0.0
121 silly idealTree │ └── is-descriptor@1.0.2
121 silly idealTree ├── denque@1.4.1
121 silly idealTree ├── depd@1.1.2
121 silly idealTree ├── destroy@1.0.4
121 silly idealTree ├── dot-prop@4.2.0
121 silly idealTree ├── dotenv@8.2.0
121 silly idealTree ├── duplexer3@0.1.4
121 silly idealTree ├── ee-first@1.1.1
121 silly idealTree ├── ejs@2.7.4
121 silly idealTree ├── encodeurl@1.0.2
121 silly idealTree ├── escape-html@1.0.3
121 silly idealTree ├── escape-string-regexp@1.0.5
121 silly idealTree ├── etag@1.8.1
121 silly idealTree ├── execa@0.7.0
121 silly idealTree ├─┬ expand-brackets@2.1.4
121 silly idealTree │ ├── define-property@0.2.5
121 silly idealTree │ └── extend-shallow@2.0.1
121 silly idealTree ├── express-ejs-layouts@2.5.0
121 silly idealTree ├── express-flash@0.0.2
121 silly idealTree ├─┬ express-session@1.17.1
121 silly idealTree │ ├── depd@2.0.0
121 silly idealTree │ └── safe-buffer@5.2.0
121 silly idealTree ├── express@4.17.1
121 silly idealTree ├─┬ extend-shallow@3.0.2
121 silly idealTree │ └── is-extendable@1.0.1
121 silly idealTree ├─┬ extglob@2.0.4
121 silly idealTree │ ├── define-property@1.0.0
121 silly idealTree │ ├── extend-shallow@2.0.1
121 silly idealTree │ ├── is-accessor-descriptor@1.0.0
121 silly idealTree │ ├── is-data-descriptor@1.0.0
121 silly idealTree │ └── is-descriptor@1.0.2
121 silly idealTree ├─┬ fill-range@4.0.0
121 silly idealTree │ └── extend-shallow@2.0.1
121 silly idealTree ├── finalhandler@1.1.2
121 silly idealTree ├── for-in@1.0.2
121 silly idealTree ├── forwarded@0.1.2
121 silly idealTree ├── fragment-cache@0.2.1
121 silly idealTree ├── fresh@0.5.2
121 silly idealTree ├── get-stream@3.0.0
121 silly idealTree ├── get-value@2.0.6
121 silly idealTree ├─┬ glob-parent@3.1.0
121 silly idealTree │ └── is-glob@3.1.0
121 silly idealTree ├── global-dirs@0.1.1
121 silly idealTree ├── got@6.7.1
121 silly idealTree ├── graceful-fs@4.2.4
121 silly idealTree ├── has-flag@3.0.0
121 silly idealTree ├── has-value@1.0.0
121 silly idealTree ├─┬ has-values@1.0.0
121 silly idealTree │ └── kind-of@4.0.0
121 silly idealTree ├── http-errors@1.7.2
121 silly idealTree ├── iconv-lite@0.4.24
121 silly idealTree ├── ignore-by-default@1.0.1
121 silly idealTree ├── import-lazy@2.1.0
121 silly idealTree ├── imurmurhash@0.1.4
121 silly idealTree ├── inherits@2.0.3
121 silly idealTree ├── ini@1.3.5
121 silly idealTree ├── ipaddr.js@1.9.1
121 silly idealTree ├─┬ is-accessor-descriptor@0.1.6
121 silly idealTree │ └── kind-of@3.2.2
121 silly idealTree ├── is-binary-path@1.0.1
121 silly idealTree ├── is-buffer@1.1.6
121 silly idealTree ├── is-ci@1.2.1
121 silly idealTree ├─┬ is-data-descriptor@0.1.4
121 silly idealTree │ └── kind-of@3.2.2
121 silly idealTree ├─┬ is-descriptor@0.1.6
121 silly idealTree │ └── kind-of@5.1.0
121 silly idealTree ├── is-extendable@0.1.1
121 silly idealTree ├── is-extglob@2.1.1
121 silly idealTree ├── is-fullwidth-code-point@2.0.0
121 silly idealTree ├── is-glob@4.0.1
121 silly idealTree ├── is-installed-globally@0.1.0
121 silly idealTree ├── is-npm@1.0.0
121 silly idealTree ├─┬ is-number@3.0.0
121 silly idealTree │ └── kind-of@3.2.2
121 silly idealTree ├── is-obj@1.0.1
121 silly idealTree ├── is-path-inside@1.0.1
121 silly idealTree ├── is-plain-object@2.0.4
121 silly idealTree ├── is-redirect@1.0.0
121 silly idealTree ├── is-retry-allowed@1.2.0
121 silly idealTree ├── is-stream@1.1.0
121 silly idealTree ├── is-windows@1.0.2
121 silly idealTree ├── isarray@1.0.0
121 silly idealTree ├── isexe@2.0.0
121 silly idealTree ├── isobject@3.0.1
121 silly idealTree ├── jwt@0.2.0
121 silly idealTree ├── kareem@2.3.1
121 silly idealTree ├── kind-of@6.0.3
121 silly idealTree ├── latest-version@3.1.0
121 silly idealTree ├── lowercase-keys@1.0.1
121 silly idealTree ├── lru-cache@4.1.5
121 silly idealTree ├── make-dir@1.3.0
121 silly idealTree ├── map-cache@0.2.2
121 silly idealTree ├── map-visit@1.0.0
121 silly idealTree ├── media-typer@0.3.0
121 silly idealTree ├── memory-pager@1.5.0
121 silly idealTree ├── merge-descriptors@1.0.1
121 silly idealTree ├── methods@1.1.2
121 silly idealTree ├── micromatch@3.1.10
121 silly idealTree ├── mime-db@1.44.0
121 silly idealTree ├── mime-types@2.1.27
121 silly idealTree ├── mime@1.6.0
121 silly idealTree ├── minimatch@3.0.4
121 silly idealTree ├── minimist@1.2.5
121 silly idealTree ├─┬ mixin-deep@1.3.2
121 silly idealTree │ └── is-extendable@1.0.1
121 silly idealTree ├── mongodb@3.5.8
121 silly idealTree ├── mongoose-legacy-pluralize@1.0.2
121 silly idealTree ├─┬ mongoose@5.9.18
121 silly idealTree │ └── ms@2.1.2
121 silly idealTree ├── mpath@0.7.0
121 silly idealTree ├─┬ mquery@3.2.2
121 silly idealTree │ └── debug@3.1.0
121 silly idealTree ├── ms@2.0.0
121 silly idealTree ├── nanomatch@1.2.13
121 silly idealTree ├── negotiator@0.6.2
121 silly idealTree ├── node-base64@0.0.1
121 silly idealTree ├── nodemailer@6.4.8
121 silly idealTree ├─┬ nodemon@1.19.4
121 silly idealTree │ ├── debug@3.2.6
121 silly idealTree │ └── ms@2.1.2
121 silly idealTree ├── nopt@1.0.10
121 silly idealTree ├── normalize-path@3.0.0
121 silly idealTree ├── npm-run-path@2.0.2
121 silly idealTree ├─┬ object-copy@0.1.0
121 silly idealTree │ ├── define-property@0.2.5
121 silly idealTree │ └── kind-of@3.2.2
121 silly idealTree ├── object-visit@1.0.1
121 silly idealTree ├── object.pick@1.3.0
121 silly idealTree ├── on-finished@2.3.0
121 silly idealTree ├── on-headers@1.0.2
121 silly idealTree ├── p-finally@1.0.0
121 silly idealTree ├── package-json@4.0.1
121 silly idealTree ├── parseurl@1.3.3
121 silly idealTree ├── pascalcase@0.1.1
121 silly idealTree ├── passport-local@1.0.0
121 silly idealTree ├── passport-strategy@1.0.0
121 silly idealTree ├── passport@0.4.1
121 silly idealTree ├── path-dirname@1.0.2
121 silly idealTree ├── path-is-absolute@1.0.1
121 silly idealTree ├── path-is-inside@1.0.2
121 silly idealTree ├── path-key@2.0.1
121 silly idealTree ├── path-to-regexp@0.1.7
121 silly idealTree ├── pause@0.0.1
121 silly idealTree ├── pify@3.0.0
121 silly idealTree ├── posix-character-classes@0.1.1
121 silly idealTree ├── prepend-http@1.0.4
121 silly idealTree ├── process-nextick-args@2.0.1
121 silly idealTree ├── proxy-addr@2.0.6
121 silly idealTree ├── pseudomap@1.0.2
121 silly idealTree ├── pstree.remy@1.1.8
121 silly idealTree ├── qs@6.7.0
121 silly idealTree ├── random-bytes@1.0.0
121 silly idealTree ├── range-parser@1.2.1
121 silly idealTree ├── raw-body@2.4.0
121 silly idealTree ├── rc@1.2.8
121 silly idealTree ├── readable-stream@2.3.7
121 silly idealTree ├── readdirp@2.2.1
121 silly idealTree ├── regex-not@1.0.2
121 silly idealTree ├── regexp-clone@1.0.0
121 silly idealTree ├── registry-auth-token@3.4.0
121 silly idealTree ├── registry-url@3.1.0
121 silly idealTree ├── remove-trailing-separator@1.1.0
121 silly idealTree ├── repeat-element@1.1.3
121 silly idealTree ├── repeat-string@1.6.1
121 silly idealTree ├── require_optional@1.0.1
121 silly idealTree ├── resolve-from@2.0.0
121 silly idealTree ├── resolve-url@0.2.1
121 silly idealTree ├── ret@0.1.15
121 silly idealTree ├── safe-buffer@5.1.2
121 silly idealTree ├── safe-regex@1.1.0
121 silly idealTree ├── safer-buffer@2.1.2
121 silly idealTree ├── saslprep@1.0.3
121 silly idealTree ├── semver-diff@2.1.0
121 silly idealTree ├── semver@5.7.1
121 silly idealTree ├─┬ send@0.17.1
121 silly idealTree │ └── ms@2.1.1
121 silly idealTree ├── serve-static@1.14.1
121 silly idealTree ├─┬ set-value@2.0.1
121 silly idealTree │ └── extend-shallow@2.0.1
121 silly idealTree ├── setprototypeof@1.1.1
121 silly idealTree ├── shebang-command@1.2.0
121 silly idealTree ├── shebang-regex@1.0.0
121 silly idealTree ├── sift@7.0.1
121 silly idealTree ├── signal-exit@3.0.3
121 silly idealTree ├── sliced@1.0.1
121 silly idealTree ├─┬ snapdragon-node@2.1.1
121 silly idealTree │ ├── define-property@1.0.0
121 silly idealTree │ ├── is-accessor-descriptor@1.0.0
121 silly idealTree │ ├── is-data-descriptor@1.0.0
121 silly idealTree │ └── is-descriptor@1.0.2
121 silly idealTree ├─┬ snapdragon-util@3.0.1
121 silly idealTree │ └── kind-of@3.2.2
121 silly idealTree ├─┬ snapdragon@0.8.2
121 silly idealTree │ ├── define-property@0.2.5
121 silly idealTree │ └── extend-shallow@2.0.1
121 silly idealTree ├── source-map-resolve@0.5.3
121 silly idealTree ├── source-map-url@0.4.0
121 silly idealTree ├── source-map@0.5.7
121 silly idealTree ├── sparse-bitfield@3.0.3
121 silly idealTree ├── split-string@3.1.0
121 silly idealTree ├─┬ static-extend@0.1.2
121 silly idealTree │ └── define-property@0.2.5
121 silly idealTree ├── statuses@1.5.0
121 silly idealTree ├── string_decoder@1.1.1
121 silly idealTree ├── string-width@2.1.1
121 silly idealTree ├── strip-ansi@4.0.0
121 silly idealTree ├── strip-eof@1.0.0
121 silly idealTree ├── strip-json-comments@2.0.1
121 silly idealTree ├── supports-color@5.5.0
121 silly idealTree ├── term-size@1.2.0
121 silly idealTree ├── timed-out@4.0.1
121 silly idealTree ├─┬ to-object-path@0.3.0
121 silly idealTree │ └── kind-of@3.2.2
121 silly idealTree ├── to-regex-range@2.1.1
121 silly idealTree ├── to-regex@3.0.2
121 silly idealTree ├── toidentifier@1.0.0
121 silly idealTree ├── touch@3.1.0
121 silly idealTree ├── type-is@1.6.18
121 silly idealTree ├── uid-safe@2.1.5
121 silly idealTree ├── undefsafe@2.0.3
121 silly idealTree ├── union-value@1.0.1
121 silly idealTree ├── unique-string@1.0.0
121 silly idealTree ├── unpipe@1.0.0
121 silly idealTree ├─┬ unset-value@1.0.0
121 silly idealTree │ ├─┬ has-value@0.3.1
121 silly idealTree │ │ └── isobject@2.1.0
121 silly idealTree │ └── has-values@0.1.4
121 silly idealTree ├── unzip-response@2.0.1
121 silly idealTree ├── upath@1.2.0
121 silly idealTree ├── update-notifier@2.5.0
121 silly idealTree ├── urix@0.1.0
121 silly idealTree ├── url-parse-lax@1.0.0
121 silly idealTree ├── use@3.1.1
121 silly idealTree ├── util-deprecate@1.0.2
121 silly idealTree ├── utils-merge@1.0.1
121 silly idealTree ├── vary@1.1.2
121 silly idealTree ├── which@1.3.1
121 silly idealTree ├── widest-line@2.0.1
121 silly idealTree ├── write-file-atomic@2.4.3
121 silly idealTree ├── xdg-basedir@3.0.0
121 silly idealTree └── yallist@2.1.2
122 silly generateActionsToTake Starting
123 silly install generateActionsToTake
124 silly generateActionsToTake Finishing
125 silly diffTrees action count 3
126 silly diffTrees add node-base64@0.0.1
127 silly diffTrees update express-flash@0.0.2
128 silly diffTrees add jwt@0.2.0
129 silly decomposeActions action count 24
130 silly decomposeActions fetch node-base64@0.0.1
131 silly decomposeActions extract node-base64@0.0.1
132 silly decomposeActions test node-base64@0.0.1
133 silly decomposeActions preinstall node-base64@0.0.1
134 silly decomposeActions build node-base64@0.0.1
135 silly decomposeActions install node-base64@0.0.1
136 silly decomposeActions postinstall node-base64@0.0.1
137 silly decomposeActions finalize node-base64@0.0.1
138 silly decomposeActions fetch express-flash@0.0.2
139 silly decomposeActions extract express-flash@0.0.2
140 silly decomposeActions test express-flash@0.0.2
141 silly decomposeActions preinstall express-flash@0.0.2
142 silly decomposeActions build express-flash@0.0.2
143 silly decomposeActions install express-flash@0.0.2
144 silly decomposeActions postinstall express-flash@0.0.2
145 silly decomposeActions finalize express-flash@0.0.2
146 silly decomposeActions fetch jwt@0.2.0
147 silly decomposeActions extract jwt@0.2.0
148 silly decomposeActions test jwt@0.2.0
149 silly decomposeActions preinstall jwt@0.2.0
150 silly decomposeActions build jwt@0.2.0
151 silly decomposeActions install jwt@0.2.0
152 silly decomposeActions postinstall jwt@0.2.0
153 silly decomposeActions finalize jwt@0.2.0
154 silly executeActions Starting
155 silly install executeActions
156 silly doSerial global-install 0
157 silly doParallel fetch 3
158 verbose lock using /home/anirudh/.npm/_locks/staging-a757889d25a92f7a.lock for /home/anirudh/Desktop/login-with-forgotPassword/node_modules/.staging
159 silly doParallel extract 3
160 silly extract node-base64@0.0.1
161 silly extract express-flash@0.0.2
162 silly extract jwt@0.2.0
163 verbose unbuild node_modules/.staging/node-base64-e0b388ca
164 verbose unbuild node_modules/.staging/jwt-0c97adef
165 silly gentlyRm /home/anirudh/Desktop/login-with-forgotPassword/node_modules/.staging/node-base64-e0b388ca is being purged from base /home/anirudh/Desktop/login-with-forgotPassword
166 verbose gentlyRm don't care about contents; nuking /home/anirudh/Desktop/login-with-forgotPassword/node_modules/.staging/node-base64-e0b388ca
167 silly gentlyRm /home/anirudh/Desktop/login-with-forgotPassword/node_modules/.staging/jwt-0c97adef is being purged from base /home/anirudh/Desktop/login-with-forgotPassword
168 verbose gentlyRm don't care about contents; nuking /home/anirudh/Desktop/login-with-forgotPassword/node_modules/.staging/jwt-0c97adef
169 verbose tar unpack /home/anirudh/.npm/node-base64/0.0.1/package.tgz
170 verbose tar unpacking to /home/anirudh/Desktop/login-with-forgotPassword/node_modules/.staging/node-base64-e0b388ca
171 silly gentlyRm /home/anirudh/Desktop/login-with-forgotPassword/node_modules/.staging/node-base64-e0b388ca is being purged
172 verbose gentlyRm don't care about contents; nuking /home/anirudh/Desktop/login-with-forgotPassword/node_modules/.staging/node-base64-e0b388ca
173 verbose tar unpack /home/anirudh/.npm/jwt/0.2.0/package.tgz
174 verbose tar unpacking to /home/anirudh/Desktop/login-with-forgotPassword/node_modules/.staging/jwt-0c97adef
175 silly gentlyRm /home/anirudh/Desktop/login-with-forgotPassword/node_modules/.staging/jwt-0c97adef is being purged
176 verbose gentlyRm don't care about contents; nuking /home/anirudh/Desktop/login-with-forgotPassword/node_modules/.staging/jwt-0c97adef
177 silly gunzTarPerm modes [ '775', '664' ]
178 silly gunzTarPerm modes [ '775', '664' ]
179 silly gunzTarPerm extractEntry
180 silly gunzTarPerm modified mode [ '', 493, 509 ]
181 silly gunzTarPerm extractEntry .npmignore
182 silly gunzTarPerm modified mode [ '.npmignore', 420, 436 ]
183 silly gunzTarPerm extractEntry .gitignore
184 silly gunzTarPerm modified mode [ '.gitignore', 420, 436 ]
185 silly gunzTarPerm extractEntry base64.cc
186 silly gunzTarPerm modified mode [ 'base64.cc', 420, 436 ]
187 silly gunzTarPerm extractEntry install.sh
188 silly gunzTarPerm modified mode [ 'install.sh', 493, 509 ]
189 silly gunzTarPerm extractEntry lib/
190 silly gunzTarPerm modified mode [ 'lib/', 493, 509 ]
191 silly gunzTarPerm extractEntry lib/jwt.js
192 silly gunzTarPerm modified mode [ 'lib/jwt.js', 420, 436 ]
193 silly gunzTarPerm extractEntry js_base64_for_comparsion.js
194 silly gunzTarPerm modified mode [ 'js_base64_for_comparsion.js', 420, 436 ]
195 silly gunzTarPerm extractEntry makefile
196 silly gunzTarPerm modified mode [ 'makefile', 420, 436 ]
197 verbose unbuild node_modules/.staging/express-flash-09a176a9
198 silly gentlyRm /home/anirudh/Desktop/login-with-forgotPassword/node_modules/.staging/express-flash-09a176a9 is being purged from base /home/anirudh/Desktop/login-with-forgotPassword
199 verbose gentlyRm don't care about contents; nuking /home/anirudh/Desktop/login-with-forgotPassword/node_modules/.staging/express-flash-09a176a9
200 verbose tar unpack /home/anirudh/.npm/express-flash/0.0.2/package.tgz
201 verbose tar unpacking to /home/anirudh/Desktop/login-with-forgotPassword/node_modules/.staging/express-flash-09a176a9
202 silly gentlyRm /home/anirudh/Desktop/login-with-forgotPassword/node_modules/.staging/express-flash-09a176a9 is being purged
203 verbose gentlyRm don't care about contents; nuking /home/anirudh/Desktop/login-with-forgotPassword/node_modules/.staging/express-flash-09a176a9
204 silly gunzTarPerm modes [ '775', '664' ]
205 silly gunzTarPerm extractEntry package.json
206 silly gunzTarPerm modified mode [ 'package.json', 420, 436 ]
207 silly gunzTarPerm extractEntry README.md
208 silly gunzTarPerm modified mode [ 'README.md', 420, 436 ]
209 silly gunzTarPerm extractEntry package.json
210 silly gunzTarPerm modified mode [ 'package.json', 420, 436 ]
211 silly gunzTarPerm extractEntry README.md
212 silly gunzTarPerm modified mode [ 'README.md', 420, 436 ]
213 silly gunzTarPerm extractEntry package.json
214 silly gunzTarPerm modified mode [ 'package.json', 420, 436 ]
215 silly gunzTarPerm extractEntry test.js
216 silly gunzTarPerm modified mode [ 'test.js', 420, 436 ]
217 silly gunzTarPerm extractEntry test.php
218 silly gunzTarPerm modified mode [ 'test.php', 420, 436 ]
219 silly gunzTarPerm extractEntry wscript
220 silly gunzTarPerm modified mode [ 'wscript', 493, 509 ]
221 silly gunzTarPerm extractEntry .npmignore
222 silly gunzTarPerm modified mode [ '.npmignore', 420, 436 ]
223 silly gunzTarPerm extractEntry index.js
224 silly gunzTarPerm modified mode [ 'index.js', 420, 436 ]
225 silly gunzTarPerm extractEntry lib/express-flash.js
226 silly gunzTarPerm modified mode [ 'lib/express-flash.js', 420, 436 ]
227 silly gunzTarPerm extractEntry readme.md
228 silly gunzTarPerm modified mode [ 'readme.md', 420, 436 ]
229 silly gentlyRm /home/anirudh/Desktop/login-with-forgotPassword/node_modules/.staging/jwt-0c97adef/node_modules is being purged
230 verbose gentlyRm don't care about contents; nuking /home/anirudh/Desktop/login-with-forgotPassword/node_modules/.staging/jwt-0c97adef/node_modules
231 silly gentlyRm /home/anirudh/Desktop/login-with-forgotPassword/node_modules/.staging/express-flash-09a176a9/node_modules is being purged
232 verbose gentlyRm don't care about contents; nuking /home/anirudh/Desktop/login-with-forgotPassword/node_modules/.staging/express-flash-09a176a9/node_modules
233 silly gentlyRm /home/anirudh/Desktop/login-with-forgotPassword/node_modules/.staging/node-base64-e0b388ca/node_modules is being purged
234 verbose gentlyRm don't care about contents; nuking /home/anirudh/Desktop/login-with-forgotPassword/node_modules/.staging/node-base64-e0b388ca/node_modules
235 silly doParallel preinstall 3
236 silly preinstall node-base64@0.0.1 /home/anirudh/Desktop/login-with-forgotPassword/node_modules/.staging/node-base64-e0b388ca
237 info lifecycle node-base64@0.0.1~preinstall: node-base64@0.0.1
238 silly preinstall express-flash@0.0.2 /home/anirudh/Desktop/login-with-forgotPassword/node_modules/.staging/express-flash-09a176a9
239 info lifecycle express-flash@0.0.2~preinstall: express-flash@0.0.2
240 silly preinstall jwt@0.2.0 /home/anirudh/Desktop/login-with-forgotPassword/node_modules/.staging/jwt-0c97adef
241 info lifecycle jwt@0.2.0~preinstall: jwt@0.2.0
242 silly lifecycle node-base64@0.0.1~preinstall: no script for preinstall, continuing
243 silly lifecycle express-flash@0.0.2~preinstall: no script for preinstall, continuing
244 silly lifecycle jwt@0.2.0~preinstall: no script for preinstall, continuing
245 silly doReverseSerial remove 0
246 silly doSerial move 0
247 silly doSerial finalize 3
248 silly finalize /home/anirudh/Desktop/login-with-forgotPassword/node_modules/node-base64
249 silly finalize /home/anirudh/Desktop/login-with-forgotPassword/node_modules/express-flash
250 silly finalize /home/anirudh/Desktop/login-with-forgotPassword/node_modules/jwt
251 silly doSerial build 3
252 silly build node-base64@0.0.1
253 info linkStuff node-base64@0.0.1
254 silly linkStuff node-base64@0.0.1 has /home/anirudh/Desktop/login-with-forgotPassword/node_modules as its parent node_modules
255 verbose linkBins node-base64@0.0.1
256 verbose linkMans node-base64@0.0.1
257 silly build express-flash@0.0.2
258 info linkStuff express-flash@0.0.2
259 silly linkStuff express-flash@0.0.2 has /home/anirudh/Desktop/login-with-forgotPassword/node_modules as its parent node_modules
260 verbose linkBins express-flash@0.0.2
261 verbose linkMans express-flash@0.0.2
262 silly build jwt@0.2.0
263 info linkStuff jwt@0.2.0
264 silly linkStuff jwt@0.2.0 has /home/anirudh/Desktop/login-with-forgotPassword/node_modules as its parent node_modules
265 verbose linkBins jwt@0.2.0
266 verbose linkMans jwt@0.2.0
267 silly doSerial global-link 0
268 silly doParallel update-linked 0
269 silly doSerial install 3
270 silly install node-base64@0.0.1 /home/anirudh/Desktop/login-with-forgotPassword/node_modules/.staging/node-base64-e0b388ca
271 info lifecycle node-base64@0.0.1~install: node-base64@0.0.1
272 verbose lifecycle node-base64@0.0.1~install: unsafe-perm in lifecycle true
273 verbose lifecycle node-base64@0.0.1~install: PATH: /usr/share/npm/bin/node-gyp-bin:/home/anirudh/Desktop/login-with-forgotPassword/node_modules/node-base64/node_modules/.bin:/home/anirudh/Desktop/login-with-forgotPassword/node_modules/.bin:/home/anirudh/.local/bin:/home/anirudh/.local/bin:/usr/local/sbin:/usr/local/bin:/usr/sbin:/usr/bin:/sbin:/bin:/usr/games:/usr/local/games:/snap/bin
274 verbose lifecycle node-base64@0.0.1~install: CWD: /home/anirudh/Desktop/login-with-forgotPassword/node_modules/node-base64
275 silly lifecycle node-base64@0.0.1~install: Args: [ '-c', './install.sh' ]
276 info lifecycle node-base64@0.0.1~install: Failed to exec install script
277 verbose unlock done using /home/anirudh/.npm/_locks/staging-a757889d25a92f7a.lock for /home/anirudh/Desktop/login-with-forgotPassword/node_modules/.staging
278 silly rollbackFailedOptional Starting
279 silly rollbackFailedOptional Finishing
280 silly runTopLevelLifecycles Starting
281 silly runTopLevelLifecycles Finishing
282 silly install printInstalled
283 warn optional Skipping failed optional dependency /chokidar/fsevents:
284 warn notsup Not compatible with your operating system or architecture: fsevents@1.2.13
285 warn node_passport_login@2.0.0 No repository field.
286 verbose stack Error: node-base64@0.0.1 install: `./install.sh`
286 verbose stack spawn ENOENT
286 verbose stack     at ChildProcess.<anonymous> (/usr/share/npm/lib/utils/spawn.js:17:16)
286 verbose stack     at emitTwo (events.js:126:13)
286 verbose stack     at ChildProcess.emit (events.js:214:7)
286 verbose stack     at maybeClose (internal/child_process.js:925:16)
286 verbose stack     at Process.ChildProcess._handle.onexit (internal/child_process.js:209:5)
287 verbose pkgid node-base64@0.0.1
288 verbose cwd /home/anirudh/Desktop/login-with-forgotPassword
289 error Linux 5.3.0-40-generic
290 error argv "/usr/bin/node" "/usr/bin/npm" "install" "jwt" "--save"
291 error node v8.10.0
292 error npm  v3.5.2
293 error file sh
294 error code ELIFECYCLE
295 error errno ENOENT
296 error syscall spawn
297 error node-base64@0.0.1 install: `./install.sh`
297 error spawn ENOENT
298 error Failed at the node-base64@0.0.1 install script './install.sh'.
298 error Make sure you have the latest version of node.js and npm installed.
298 error If you do, this is most likely a problem with the node-base64 package,
298 error not with npm itself.
298 error Tell the author that this fails on your system:
298 error     ./install.sh
298 error You can get information on how to open an issue for this project with:
298 error     npm bugs node-base64
298 error Or if that isn't available, you can get their info via:
298 error     npm owner ls node-base64
298 error There is likely additional logging output above.
299 verbose exit [ 1, true ]
